Generated at 2017-04-20 16:36:15 +0530
SystemExit: exit
C:/opscode/chefdk/embedded/lib/ruby/gems/2.3.0/gems/chef-12.19.36-universal-mingw32/lib/chef/application.rb:368:in `exit'
C:/opscode/chefdk/embedded/lib/ruby/gems/2.3.0/gems/chef-12.19.36-universal-mingw32/lib/chef/application.rb:368:in `fatal!'
C:/opscode/chefdk/embedded/lib/ruby/gems/2.3.0/gems/chef-12.19.36-universal-mingw32/lib/chef/application.rb:64:in `block in setup_signal_handlers'
C:/opscode/chefdk/embedded/lib/ruby/gems/2.3.0/gems/wmi-lite-1.0.0/lib/wmi-lite/wmi.rb:78:in `raise_if_failed'
C:/opscode/chefdk/embedded/lib/ruby/gems/2.3.0/gems/wmi-lite-1.0.0/lib/wmi-lite/wmi.rb:67:in `start_query'
C:/opscode/chefdk/embedded/lib/ruby/gems/2.3.0/gems/wmi-lite-1.0.0/lib/wmi-lite/wmi.rb:51:in `query_with_context'
C:/opscode/chefdk/embedded/lib/ruby/gems/2.3.0/gems/wmi-lite-1.0.0/lib/wmi-lite/wmi.rb:35:in `instances_of'
C:/opscode/chefdk/embedded/lib/ruby/gems/2.3.0/gems/ohai-8.23.0/lib/ohai/plugins/windows/network.rb:37:in `network_data'
C:/opscode/chefdk/embedded/lib/ruby/gems/2.3.0/gems/ohai-8.23.0/lib/ohai/plugins/windows/network.rb:68:in `block (2 levels) in <main>'
C:/opscode/chefdk/embedded/lib/ruby/gems/2.3.0/gems/ohai-8.23.0/lib/ohai/dsl/plugin/versionvii.rb:88:in `instance_eval'
C:/opscode/chefdk/embedded/lib/ruby/gems/2.3.0/gems/ohai-8.23.0/lib/ohai/dsl/plugin/versionvii.rb:88:in `run_plugin'
C:/opscode/chefdk/embedded/lib/ruby/gems/2.3.0/gems/ohai-8.23.0/lib/ohai/dsl/plugin.rb:100:in `run'
C:/opscode/chefdk/embedded/lib/ruby/gems/2.3.0/gems/ohai-8.23.0/lib/ohai/dsl/plugin.rb:184:in `safe_run'
C:/opscode/chefdk/embedded/lib/ruby/gems/2.3.0/gems/ohai-8.23.0/lib/ohai/runner.rb:84:in `run_v7_plugin'
C:/opscode/chefdk/embedded/lib/ruby/gems/2.3.0/gems/ohai-8.23.0/lib/ohai/runner.rb:43:in `run_plugin'
C:/opscode/chefdk/embedded/lib/ruby/gems/2.3.0/gems/ohai-8.23.0/lib/ohai/system.rb:98:in `block in run_plugins'
C:/opscode/chefdk/embedded/lib/ruby/gems/2.3.0/gems/ohai-8.23.0/lib/ohai/system.rb:97:in `each'
C:/opscode/chefdk/embedded/lib/ruby/gems/2.3.0/gems/ohai-8.23.0/lib/ohai/system.rb:97:in `run_plugins'
C:/opscode/chefdk/embedded/lib/ruby/gems/2.3.0/gems/ohai-8.23.0/lib/ohai/system.rb:75:in `all_plugins'
C:/opscode/chefdk/embedded/lib/ruby/gems/2.3.0/gems/chef-12.19.36-universal-mingw32/lib/chef/client.rb:561:in `run_ohai'
C:/opscode/chefdk/embedded/lib/ruby/gems/2.3.0/gems/chef-12.19.36-universal-mingw32/lib/chef/client.rb:265:in `run'
C:/opscode/chefdk/embedded/lib/ruby/gems/2.3.0/gems/chef-12.19.36-universal-mingw32/lib/chef/application.rb:277:in `run_with_graceful_exit_option'
C:/opscode/chefdk/embedded/lib/ruby/gems/2.3.0/gems/chef-12.19.36-universal-mingw32/lib/chef/application.rb:253:in `block in run_chef_client'
C:/opscode/chefdk/embedded/lib/ruby/gems/2.3.0/gems/chef-12.19.36-universal-mingw32/lib/chef/local_mode.rb:44:in `with_server_connectivity'
C:/opscode/chefdk/embedded/lib/ruby/gems/2.3.0/gems/chef-12.19.36-universal-mingw32/lib/chef/application.rb:236:in `run_chef_client'
C:/opscode/chefdk/embedded/lib/ruby/gems/2.3.0/gems/chef-12.19.36-universal-mingw32/lib/chef/application/client.rb:464:in `sleep_then_run_chef_client'
C:/opscode/chefdk/embedded/lib/ruby/gems/2.3.0/gems/chef-12.19.36-universal-mingw32/lib/chef/application/client.rb:451:in `block in interval_run_chef_client'
C:/opscode/chefdk/embedded/lib/ruby/gems/2.3.0/gems/chef-12.19.36-universal-mingw32/lib/chef/application/client.rb:450:in `loop'
C:/opscode/chefdk/embedded/lib/ruby/gems/2.3.0/gems/chef-12.19.36-universal-mingw32/lib/chef/application/client.rb:450:in `interval_run_chef_client'
C:/opscode/chefdk/embedded/lib/ruby/gems/2.3.0/gems/chef-12.19.36-universal-mingw32/lib/chef/application/client.rb:434:in `run_application'
C:/opscode/chefdk/embedded/lib/ruby/gems/2.3.0/gems/chef-12.19.36-universal-mingw32/lib/chef/application.rb:59:in `run'
C:/opscode/chefdk/embedded/lib/ruby/gems/2.3.0/gems/chef-12.19.36-universal-mingw32/lib/chef/application/solo.rb:226:in `run'
C:/opscode/chefdk/embedded/lib/ruby/gems/2.3.0/gems/chef-12.19.36-universal-mingw32/bin/chef-solo:25:in `<top (required)>'
C:/opscode/chefdk/bin/chef-solo:69:in `load'
C:/opscode/chefdk/bin/chef-solo:69:in `<main>'